2021-12-25 08:35:53 [127.0.0.1][-][-][error][yii\di\NotInstantiableException] ReflectionException: Class addons\diandi_outbound\frontend does not exist in F:\gongsi\diandi\vendor\yiisoft\yii2\di\Container.php:508
Stack trace:
#0 F:\gongsi\diandi\vendor\yiisoft\yii2\di\Container.php(508): ReflectionClass->__construct('addons\\diandi_o...')
#1 F:\gongsi\diandi\vendor\yiisoft\yii2\di\Container.php(386): yii\di\Container->getDependencies('addons\\diandi_o...')
#2 F:\gongsi\diandi\vendor\yiisoft\yii2\di\Container.php(171): yii\di\Container->build('addons\\diandi_o...', Array, Array)
#3 F:\gongsi\diandi\vendor\yiisoft\yii2\BaseYii.php(365): yii\di\Container->get('addons\\diandi_o...', Array, Array)
#4 F:\gongsi\diandi\vendor\yiisoft\yii2\base\Module.php(427): yii\BaseYii::createObject(Array, Array)
#5 F:\gongsi\diandi\vendor\yiisoft\yii2\base\Module.php(592): yii\base\Module->getModule('diandi_outbound')
#6 F:\gongsi\diandi\vendor\yiisoft\yii2\base\Module.php(528): yii\base\Module->createController('doc')
#7 F:\gongsi\diandi\vendor\yiisoft\yii2\web\Application.php(104): yii\base\Module->runAction('diandi_outbound...', Array)
#8 F:\gongsi\diandi\vendor\yiisoft\yii2\base\Application.php(392): yii\web\Application->handleRequest(Object(yii\web\Request))
#9 F:\gongsi\diandi\frontend\web\index.php(23): yii\base\Application->run()
#10 {main}

Next yii\di\NotInstantiableException: Failed to instantiate component or class "addons\diandi_outbound\frontend". in F:\gongsi\diandi\vendor\yiisoft\yii2\di\Container.php:510
Stack trace:
#0 F:\gongsi\diandi\vendor\yiisoft\yii2\di\Container.php(386): yii\di\Container->getDependencies('addons\\diandi_o...')
#1 F:\gongsi\diandi\vendor\yiisoft\yii2\di\Container.php(171): yii\di\Container->build('addons\\diandi_o...', Array, Array)
#2 F:\gongsi\diandi\vendor\yiisoft\yii2\BaseYii.php(365): yii\di\Container->get('addons\\diandi_o...', Array, Array)
#3 F:\gongsi\diandi\vendor\yiisoft\yii2\base\Module.php(427): yii\BaseYii::createObject(Array, Array)
#4 F:\gongsi\diandi\vendor\yiisoft\yii2\base\Module.php(592): yii\base\Module->getModule('diandi_outbound')
#5 F:\gongsi\diandi\vendor\yiisoft\yii2\base\Module.php(528): yii\base\Module->createController('doc')
#6 F:\gongsi\diandi\vendor\yiisoft\yii2\web\Application.php(104): yii\base\Module->runAction('diandi_outbound...', Array)
#7 F:\gongsi\diandi\vendor\yiisoft\yii2\base\Application.php(392): yii\web\Application->handleRequest(Object(yii\web\Request))
#8 F:\gongsi\diandi\frontend\web\index.php(23): yii\base\Application->run()
#9 {main}
2021-12-25 08:35:51 [127.0.0.1][-][-][info][application] $_GET = [
    'r' => 'diandi_outbound/doc'
]

$_POST = []

$_FILES = []

$_COOKIE = [
    '_identity-backend' => '7990da753a6b2635c13efa7f2f2f6981ded226b8aade32ee86f3560fcda89285a:2:{i:0;s:17:\"_identity-backend\";i:1;s:47:\"[11,\"ddkNMK6gRRPa82aYfvTfzmQ0xYHyZT-i\",2592000]\";}'
    'advanced-backend' => 'ssqjol6slvd4qs3i63jfknhvvl'
    '_csrf-backend' => '73d170a10718ad947505cbecd37fa68c79175ffa35c7704dd4bb217f46419fb5a:2:{i:0;s:13:\"_csrf-backend\";i:1;s:32:\"KbX3DdpcRXGRs54Q0dvqsA9CGG_IBrc1\";}'
]

$_SERVER = [
    'ALLUSERSPROFILE' => 'C:\\ProgramData'
    'APPDATA' => 'C:\\Users\\Administrator\\AppData\\Roaming'
    'CommonProgramFiles' => 'C:\\Program Files\\Common Files'
    'CommonProgramFiles(x86)' => 'C:\\Program Files (x86)\\Common Files'
    'CommonProgramW6432' => 'C:\\Program Files\\Common Files'
    'COMPUTERNAME' => 'TH-WCS'
    'ComSpec' => 'C:\\Windows\\system32\\cmd.exe'
    'DriverData' => 'C:\\Windows\\System32\\Drivers\\DriverData'
    'FPS_BROWSER_APP_PROFILE_STRING' => 'Internet Explorer'
    'FPS_BROWSER_USER_PROFILE_STRING' => 'Default'
    'HOMEDRIVE' => 'C:'
    'HOMEPATH' => '\\Users\\Administrator'
    'LOCALAPPDATA' => 'C:\\Users\\Administrator\\AppData\\Local'
    'LOGONSERVER' => '\\\\TH-WCS'
    'NUMBER_OF_PROCESSORS' => '4'
    'OneDrive' => 'C:\\Users\\Administrator\\OneDrive'
    'OS' => 'Windows_NT'
    'Path' => 'C:\\Program Files (x86)\\Common Files\\Oracle\\Java\\javapath;C:\\Windows\\system32;C:\\Windows;C:\\Windows\\System32\\Wbem;C:\\Windows\\System32\\WindowsPowerShell\\v1.0\\;C:\\Windows\\System32\\OpenSSH\\;C:\\Program Files\\Git\\cmd;C:\\Program Files\\Microsoft VS Code\\bin;E:\\phpstudy_pro\\Extensions\\php\\php7.3.4nts;C:\\Program Files\\TortoiseSVN\\bin;C:\\Program Files\\nodejs\\;C:\\Program Files\\Java\\jre1.8.0_291\\bin;E:\\HBuilderX\\HBuilderX\\plugins\\launcher\\tools\\adbs;E:\\phpstudy_pro\\Extensions\\composer1.8.5;C:\\Users\\Administrator\\AppData\\Local\\Programs\\Python\\Python38\\Scripts;E:\\phpstudy_pro\\Extensions\\redis3.0.504;C:\\Users\\Administrator\\.cargo\\bin;C:\\Users\\Administrator\\AppData\\Local\\Microsoft\\WindowsApps;C:\\Users\\Administrator\\AppData\\Roaming\\npm'
    'PATHEXT' => '.COM;.EXE;.BAT;.CMD;.VBS;.VBE;.JS;.JSE;.WSF;.WSH;.MSC'
    'PROCESSOR_ARCHITECTURE' => 'AMD64'
    'PROCESSOR_IDENTIFIER' => 'Intel64 Family 6 Model 69 Stepping 1, GenuineIntel'
    'PROCESSOR_LEVEL' => '6'
    'PROCESSOR_REVISION' => '4501'
    'ProgramData' => 'C:\\ProgramData'
    'ProgramFiles' => 'C:\\Program Files'
    'ProgramFiles(x86)' => 'C:\\Program Files (x86)'
    'ProgramW6432' => 'C:\\Program Files'
    'PSModulePath' => 'C:\\Program Files\\WindowsPowerShell\\Modules;C:\\Windows\\system32\\WindowsPowerShell\\v1.0\\Modules'
    'PUBLIC' => 'C:\\Users\\Public'
    'SESSIONNAME' => 'Console'
    'SystemDrive' => 'C:'
    'SystemRoot' => 'C:\\Windows'
    'TEMP' => 'C:\\Users\\ADMINI~1\\AppData\\Local\\Temp'
    'TMP' => 'C:\\Users\\ADMINI~1\\AppData\\Local\\Temp'
    'USERDOMAIN' => 'TH-WCS'
    'USERDOMAIN_ROAMINGPROFILE' => 'TH-WCS'
    'USERNAME' => 'Administrator'
    'USERPROFILE' => 'C:\\Users\\Administrator'
    'windir' => 'C:\\Windows'
    'HTTP_COOKIE' => '_identity-backend=7990da753a6b2635c13efa7f2f2f6981ded226b8aade32ee86f3560fcda89285a%3A2%3A%7Bi%3A0%3Bs%3A17%3A%22_identity-backend%22%3Bi%3A1%3Bs%3A47%3A%22%5B11%2C%22ddkNMK6gRRPa82aYfvTfzmQ0xYHyZT-i%22%2C2592000%5D%22%3B%7D; advanced-backend=ssqjol6slvd4qs3i63jfknhvvl; _csrf-backend=73d170a10718ad947505cbecd37fa68c79175ffa35c7704dd4bb217f46419fb5a%3A2%3A%7Bi%3A0%3Bs%3A13%3A%22_csrf-backend%22%3Bi%3A1%3Bs%3A32%3A%22KbX3DdpcRXGRs54Q0dvqsA9CGG_IBrc1%22%3B%7D'
    'HTTP_ACCEPT_LANGUAGE' => 'zh-CN,zh;q=0.9'
    'HTTP_ACCEPT_ENCODING' => 'gzip, deflate'
    'HTTP_ACCEPT' => 'text/html,application/xhtml+xml,application/xml;q=0.9,image/avif,image/webp,image/apng,*/*;q=0.8,application/signed-exchange;v=b3;q=0.9'
    'HTTP_USER_AGENT' => 'Mozilla/5.0 (Windows NT 10.0; Win64; x64) AppleWebKit/537.36 (KHTML, like Gecko) Chrome/95.0.4638.54 Safari/537.36'
    'HTTP_UPGRADE_INSECURE_REQUESTS' => '1'
    'HTTP_CONNECTION' => 'keep-alive'
    'HTTP_HOST' => 'www.ai.com'
    'REDIRECT_STATUS' => '200'
    'SERVER_NAME' => 'www.ai.com'
    'SERVER_PORT' => '80'
    'SERVER_ADDR' => '127.0.0.1'
    'REMOTE_PORT' => '55115'
    'REMOTE_ADDR' => '127.0.0.1'
    'SERVER_SOFTWARE' => 'nginx/1.15.11'
    'GATEWAY_INTERFACE' => 'CGI/1.1'
    'REQUEST_SCHEME' => 'http'
    'SERVER_PROTOCOL' => 'HTTP/1.1'
    'DOCUMENT_ROOT' => 'F:/gongsi/diandi/frontend/web'
    'DOCUMENT_URI' => '/index.php'
    'REQUEST_URI' => '/index.php?r=diandi_outbound%2Fdoc'
    'SCRIPT_NAME' => '/index.php'
    'CONTENT_LENGTH' => ''
    'CONTENT_TYPE' => ''
    'REQUEST_METHOD' => 'GET'
    'QUERY_STRING' => 'r=diandi_outbound%2Fdoc'
    'PATH_TRANSLATED' => 'F:/gongsi/diandi/frontend/web'
    'PATH_INFO' => ''
    'SCRIPT_FILENAME' => 'F:/gongsi/diandi/frontend/web/index.php'
    'FCGI_ROLE' => 'RESPONDER'
    'PHP_SELF' => '/index.php'
    'REQUEST_TIME_FLOAT' => 1640392551.2636
    'REQUEST_TIME' => 1640392551
]
2021-12-25 08:36:07 [127.0.0.1][-][-][error][yii\base\InvalidArgumentException] yii\base\InvalidArgumentException: The file or directory to be published does not exist: F:\gongsi\diandi/frontend/web/resource/lib/swagger-ui/dist in F:\gongsi\diandi\vendor\yiisoft\yii2\web\AssetManager.php:467
Stack trace:
#0 F:\gongsi\diandi\vendor\yiisoft\yii2\web\AssetBundle.php(188): yii\web\AssetManager->publish('F:\\gongsi\\diand...', Array)
#1 F:\gongsi\diandi\vendor\yiisoft\yii2\web\AssetManager.php(288): yii\web\AssetBundle->publish(Object(yii\web\AssetManager))
#2 F:\gongsi\diandi\vendor\yiisoft\yii2\web\AssetManager.php(259): yii\web\AssetManager->loadBundle('frontend\\assets...', Array, true)
#3 F:\gongsi\diandi\vendor\yiisoft\yii2\web\View.php(287): yii\web\AssetManager->getBundle('frontend\\assets...')
#4 F:\gongsi\diandi\vendor\yiisoft\yii2\web\AssetBundle.php(132): yii\web\View->registerAssetBundle('frontend\\assets...')
#5 F:\gongsi\diandi\frontend\views\apidoc\index.php(11): yii\web\AssetBundle::register(Object(yii\web\View))
#6 F:\gongsi\diandi\vendor\yiisoft\yii2\base\View.php(348): require('F:\\gongsi\\diand...')
#7 F:\gongsi\diandi\vendor\yiisoft\yii2\base\View.php(257): yii\base\View->renderPhpFile('F:\\gongsi\\diand...', Array)
#8 F:\gongsi\diandi\vendor\yiisoft\yii2\base\View.php(156): yii\base\View->renderFile('F:\\gongsi\\diand...', Array, Object(frontend\controllers\api\DocController))
#9 F:\gongsi\diandi\vendor\yiisoft\yii2\base\Controller.php(410): yii\base\View->render('@frontend/views...', Array, Object(frontend\controllers\api\DocController))
#10 F:\gongsi\diandi\vendor\yii2mod\yii2-swagger\SwaggerUIRenderer.php(40): yii\base\Controller->render('@frontend/views...', Array)
#11 [internal function]: yii2mod\swagger\SwaggerUIRenderer->run()
#12 F:\gongsi\diandi\vendor\yiisoft\yii2\base\Action.php(94): call_user_func_array(Array, Array)
#13 F:\gongsi\diandi\vendor\yiisoft\yii2\base\Controller.php(181): yii\base\Action->runWithParams(Array)
#14 F:\gongsi\diandi\vendor\yiisoft\yii2\base\Module.php(534): yii\base\Controller->runAction('', Array)
#15 F:\gongsi\diandi\vendor\yiisoft\yii2\web\Application.php(104): yii\base\Module->runAction('api/doc', Array)
#16 F:\gongsi\diandi\vendor\yiisoft\yii2\base\Application.php(392): yii\web\Application->handleRequest(Object(yii\web\Request))
#17 F:\gongsi\diandi\frontend\web\index.php(23): yii\base\Application->run()
#18 {main}
2021-12-25 08:36:05 [127.0.0.1][-][-][info][application] $_GET = [
    'r' => 'api/doc'
]

$_POST = []

$_FILES = []

$_COOKIE = [
    '_identity-backend' => '7990da753a6b2635c13efa7f2f2f6981ded226b8aade32ee86f3560fcda89285a:2:{i:0;s:17:\"_identity-backend\";i:1;s:47:\"[11,\"ddkNMK6gRRPa82aYfvTfzmQ0xYHyZT-i\",2592000]\";}'
    'advanced-backend' => 'ssqjol6slvd4qs3i63jfknhvvl'
    '_csrf-backend' => '73d170a10718ad947505cbecd37fa68c79175ffa35c7704dd4bb217f46419fb5a:2:{i:0;s:13:\"_csrf-backend\";i:1;s:32:\"KbX3DdpcRXGRs54Q0dvqsA9CGG_IBrc1\";}'
]

$_SERVER = [
    'ALLUSERSPROFILE' => 'C:\\ProgramData'
    'APPDATA' => 'C:\\Users\\Administrator\\AppData\\Roaming'
    'CommonProgramFiles' => 'C:\\Program Files\\Common Files'
    'CommonProgramFiles(x86)' => 'C:\\Program Files (x86)\\Common Files'
    'CommonProgramW6432' => 'C:\\Program Files\\Common Files'
    'COMPUTERNAME' => 'TH-WCS'
    'ComSpec' => 'C:\\Windows\\system32\\cmd.exe'
    'DriverData' => 'C:\\Windows\\System32\\Drivers\\DriverData'
    'FPS_BROWSER_APP_PROFILE_STRING' => 'Internet Explorer'
    'FPS_BROWSER_USER_PROFILE_STRING' => 'Default'
    'HOMEDRIVE' => 'C:'
    'HOMEPATH' => '\\Users\\Administrator'
    'LOCALAPPDATA' => 'C:\\Users\\Administrator\\AppData\\Local'
    'LOGONSERVER' => '\\\\TH-WCS'
    'NUMBER_OF_PROCESSORS' => '4'
    'OneDrive' => 'C:\\Users\\Administrator\\OneDrive'
    'OS' => 'Windows_NT'
    'Path' => 'C:\\Program Files (x86)\\Common Files\\Oracle\\Java\\javapath;C:\\Windows\\system32;C:\\Windows;C:\\Windows\\System32\\Wbem;C:\\Windows\\System32\\WindowsPowerShell\\v1.0\\;C:\\Windows\\System32\\OpenSSH\\;C:\\Program Files\\Git\\cmd;C:\\Program Files\\Microsoft VS Code\\bin;E:\\phpstudy_pro\\Extensions\\php\\php7.3.4nts;C:\\Program Files\\TortoiseSVN\\bin;C:\\Program Files\\nodejs\\;C:\\Program Files\\Java\\jre1.8.0_291\\bin;E:\\HBuilderX\\HBuilderX\\plugins\\launcher\\tools\\adbs;E:\\phpstudy_pro\\Extensions\\composer1.8.5;C:\\Users\\Administrator\\AppData\\Local\\Programs\\Python\\Python38\\Scripts;E:\\phpstudy_pro\\Extensions\\redis3.0.504;C:\\Users\\Administrator\\.cargo\\bin;C:\\Users\\Administrator\\AppData\\Local\\Microsoft\\WindowsApps;C:\\Users\\Administrator\\AppData\\Roaming\\npm'
    'PATHEXT' => '.COM;.EXE;.BAT;.CMD;.VBS;.VBE;.JS;.JSE;.WSF;.WSH;.MSC'
    'PROCESSOR_ARCHITECTURE' => 'AMD64'
    'PROCESSOR_IDENTIFIER' => 'Intel64 Family 6 Model 69 Stepping 1, GenuineIntel'
    'PROCESSOR_LEVEL' => '6'
    'PROCESSOR_REVISION' => '4501'
    'ProgramData' => 'C:\\ProgramData'
    'ProgramFiles' => 'C:\\Program Files'
    'ProgramFiles(x86)' => 'C:\\Program Files (x86)'
    'ProgramW6432' => 'C:\\Program Files'
    'PSModulePath' => 'C:\\Program Files\\WindowsPowerShell\\Modules;C:\\Windows\\system32\\WindowsPowerShell\\v1.0\\Modules'
    'PUBLIC' => 'C:\\Users\\Public'
    'SESSIONNAME' => 'Console'
    'SystemDrive' => 'C:'
    'SystemRoot' => 'C:\\Windows'
    'TEMP' => 'C:\\Users\\ADMINI~1\\AppData\\Local\\Temp'
    'TMP' => 'C:\\Users\\ADMINI~1\\AppData\\Local\\Temp'
    'USERDOMAIN' => 'TH-WCS'
    'USERDOMAIN_ROAMINGPROFILE' => 'TH-WCS'
    'USERNAME' => 'Administrator'
    'USERPROFILE' => 'C:\\Users\\Administrator'
    'windir' => 'C:\\Windows'
    'HTTP_COOKIE' => '_identity-backend=7990da753a6b2635c13efa7f2f2f6981ded226b8aade32ee86f3560fcda89285a%3A2%3A%7Bi%3A0%3Bs%3A17%3A%22_identity-backend%22%3Bi%3A1%3Bs%3A47%3A%22%5B11%2C%22ddkNMK6gRRPa82aYfvTfzmQ0xYHyZT-i%22%2C2592000%5D%22%3B%7D; advanced-backend=ssqjol6slvd4qs3i63jfknhvvl; _csrf-backend=73d170a10718ad947505cbecd37fa68c79175ffa35c7704dd4bb217f46419fb5a%3A2%3A%7Bi%3A0%3Bs%3A13%3A%22_csrf-backend%22%3Bi%3A1%3Bs%3A32%3A%22KbX3DdpcRXGRs54Q0dvqsA9CGG_IBrc1%22%3B%7D'
    'HTTP_ACCEPT_LANGUAGE' => 'zh-CN,zh;q=0.9'
    'HTTP_ACCEPT_ENCODING' => 'gzip, deflate'
    'HTTP_ACCEPT' => 'text/html,application/xhtml+xml,application/xml;q=0.9,image/avif,image/webp,image/apng,*/*;q=0.8,application/signed-exchange;v=b3;q=0.9'
    'HTTP_USER_AGENT' => 'Mozilla/5.0 (Windows NT 10.0; Win64; x64) AppleWebKit/537.36 (KHTML, like Gecko) Chrome/95.0.4638.54 Safari/537.36'
    'HTTP_UPGRADE_INSECURE_REQUESTS' => '1'
    'HTTP_CONNECTION' => 'keep-alive'
    'HTTP_HOST' => 'www.ai.com'
    'REDIRECT_STATUS' => '200'
    'SERVER_NAME' => 'www.ai.com'
    'SERVER_PORT' => '80'
    'SERVER_ADDR' => '127.0.0.1'
    'REMOTE_PORT' => '55115'
    'REMOTE_ADDR' => '127.0.0.1'
    'SERVER_SOFTWARE' => 'nginx/1.15.11'
    'GATEWAY_INTERFACE' => 'CGI/1.1'
    'REQUEST_SCHEME' => 'http'
    'SERVER_PROTOCOL' => 'HTTP/1.1'
    'DOCUMENT_ROOT' => 'F:/gongsi/diandi/frontend/web'
    'DOCUMENT_URI' => '/index.php'
    'REQUEST_URI' => '/index.php?r=api/doc'
    'SCRIPT_NAME' => '/index.php'
    'CONTENT_LENGTH' => ''
    'CONTENT_TYPE' => ''
    'REQUEST_METHOD' => 'GET'
    'QUERY_STRING' => 'r=api/doc'
    'PATH_TRANSLATED' => 'F:/gongsi/diandi/frontend/web'
    'PATH_INFO' => ''
    'SCRIPT_FILENAME' => 'F:/gongsi/diandi/frontend/web/index.php'
    'FCGI_ROLE' => 'RESPONDER'
    'PHP_SELF' => '/index.php'
    'REQUEST_TIME_FLOAT' => 1640392565.4926
    'REQUEST_TIME' => 1640392565
]
2021-12-25 08:42:04 [127.0.0.1][-][-][error][yii\base\InvalidArgumentException] yii\base\InvalidArgumentException: The file or directory to be published does not exist: F:\gongsi\diandi/frontend/web/resource/lib/diandi-swagger-ui/dist in F:\gongsi\diandi\vendor\yiisoft\yii2\web\AssetManager.php:467
Stack trace:
#0 F:\gongsi\diandi\vendor\yiisoft\yii2\web\AssetBundle.php(188): yii\web\AssetManager->publish('F:\\gongsi\\diand...', Array)
#1 F:\gongsi\diandi\vendor\yiisoft\yii2\web\AssetManager.php(288): yii\web\AssetBundle->publish(Object(yii\web\AssetManager))
#2 F:\gongsi\diandi\vendor\yiisoft\yii2\web\AssetManager.php(259): yii\web\AssetManager->loadBundle('frontend\\assets...', Array, true)
#3 F:\gongsi\diandi\vendor\yiisoft\yii2\web\View.php(287): yii\web\AssetManager->getBundle('frontend\\assets...')
#4 F:\gongsi\diandi\vendor\yiisoft\yii2\web\AssetBundle.php(132): yii\web\View->registerAssetBundle('frontend\\assets...')
#5 F:\gongsi\diandi\frontend\views\apidoc\index.php(11): yii\web\AssetBundle::register(Object(yii\web\View))
#6 F:\gongsi\diandi\vendor\yiisoft\yii2\base\View.php(348): require('F:\\gongsi\\diand...')
#7 F:\gongsi\diandi\vendor\yiisoft\yii2\base\View.php(257): yii\base\View->renderPhpFile('F:\\gongsi\\diand...', Array)
#8 F:\gongsi\diandi\vendor\yiisoft\yii2\base\View.php(156): yii\base\View->renderFile('F:\\gongsi\\diand...', Array, Object(frontend\controllers\api\DocController))
#9 F:\gongsi\diandi\vendor\yiisoft\yii2\base\Controller.php(410): yii\base\View->render('@frontend/views...', Array, Object(frontend\controllers\api\DocController))
#10 F:\gongsi\diandi\vendor\yii2mod\yii2-swagger\SwaggerUIRenderer.php(47): yii\base\Controller->render('@frontend/views...', Array)
#11 [internal function]: yii2mod\swagger\SwaggerUIRenderer->run()
#12 F:\gongsi\diandi\vendor\yiisoft\yii2\base\Action.php(94): call_user_func_array(Array, Array)
#13 F:\gongsi\diandi\vendor\yiisoft\yii2\base\Controller.php(181): yii\base\Action->runWithParams(Array)
#14 F:\gongsi\diandi\vendor\yiisoft\yii2\base\Module.php(534): yii\base\Controller->runAction('', Array)
#15 F:\gongsi\diandi\vendor\yiisoft\yii2\web\Application.php(104): yii\base\Module->runAction('api/doc', Array)
#16 F:\gongsi\diandi\vendor\yiisoft\yii2\base\Application.php(392): yii\web\Application->handleRequest(Object(yii\web\Request))
#17 F:\gongsi\diandi\frontend\web\index.php(23): yii\base\Application->run()
#18 {main}
2021-12-25 08:42:02 [127.0.0.1][-][-][info][application] $_GET = [
    'r' => 'api/doc'
]

$_POST = []

$_FILES = []

$_COOKIE = [
    '_identity-backend' => '7990da753a6b2635c13efa7f2f2f6981ded226b8aade32ee86f3560fcda89285a:2:{i:0;s:17:\"_identity-backend\";i:1;s:47:\"[11,\"ddkNMK6gRRPa82aYfvTfzmQ0xYHyZT-i\",2592000]\";}'
    'advanced-backend' => 'ssqjol6slvd4qs3i63jfknhvvl'
    '_csrf-backend' => '73d170a10718ad947505cbecd37fa68c79175ffa35c7704dd4bb217f46419fb5a:2:{i:0;s:13:\"_csrf-backend\";i:1;s:32:\"KbX3DdpcRXGRs54Q0dvqsA9CGG_IBrc1\";}'
]

$_SERVER = [
    'ALLUSERSPROFILE' => 'C:\\ProgramData'
    'APPDATA' => 'C:\\Users\\Administrator\\AppData\\Roaming'
    'CommonProgramFiles' => 'C:\\Program Files\\Common Files'
    'CommonProgramFiles(x86)' => 'C:\\Program Files (x86)\\Common Files'
    'CommonProgramW6432' => 'C:\\Program Files\\Common Files'
    'COMPUTERNAME' => 'TH-WCS'
    'ComSpec' => 'C:\\Windows\\system32\\cmd.exe'
    'DriverData' => 'C:\\Windows\\System32\\Drivers\\DriverData'
    'FPS_BROWSER_APP_PROFILE_STRING' => 'Internet Explorer'
    'FPS_BROWSER_USER_PROFILE_STRING' => 'Default'
    'HOMEDRIVE' => 'C:'
    'HOMEPATH' => '\\Users\\Administrator'
    'LOCALAPPDATA' => 'C:\\Users\\Administrator\\AppData\\Local'
    'LOGONSERVER' => '\\\\TH-WCS'
    'NUMBER_OF_PROCESSORS' => '4'
    'OneDrive' => 'C:\\Users\\Administrator\\OneDrive'
    'OS' => 'Windows_NT'
    'Path' => 'C:\\Program Files (x86)\\Common Files\\Oracle\\Java\\javapath;C:\\Windows\\system32;C:\\Windows;C:\\Windows\\System32\\Wbem;C:\\Windows\\System32\\WindowsPowerShell\\v1.0\\;C:\\Windows\\System32\\OpenSSH\\;C:\\Program Files\\Git\\cmd;C:\\Program Files\\Microsoft VS Code\\bin;E:\\phpstudy_pro\\Extensions\\php\\php7.3.4nts;C:\\Program Files\\TortoiseSVN\\bin;C:\\Program Files\\nodejs\\;C:\\Program Files\\Java\\jre1.8.0_291\\bin;E:\\HBuilderX\\HBuilderX\\plugins\\launcher\\tools\\adbs;E:\\phpstudy_pro\\Extensions\\composer1.8.5;C:\\Users\\Administrator\\AppData\\Local\\Programs\\Python\\Python38\\Scripts;E:\\phpstudy_pro\\Extensions\\redis3.0.504;C:\\Users\\Administrator\\.cargo\\bin;C:\\Users\\Administrator\\AppData\\Local\\Microsoft\\WindowsApps;C:\\Users\\Administrator\\AppData\\Roaming\\npm'
    'PATHEXT' => '.COM;.EXE;.BAT;.CMD;.VBS;.VBE;.JS;.JSE;.WSF;.WSH;.MSC'
    'PROCESSOR_ARCHITECTURE' => 'AMD64'
    'PROCESSOR_IDENTIFIER' => 'Intel64 Family 6 Model 69 Stepping 1, GenuineIntel'
    'PROCESSOR_LEVEL' => '6'
    'PROCESSOR_REVISION' => '4501'
    'ProgramData' => 'C:\\ProgramData'
    'ProgramFiles' => 'C:\\Program Files'
    'ProgramFiles(x86)' => 'C:\\Program Files (x86)'
    'ProgramW6432' => 'C:\\Program Files'
    'PSModulePath' => 'C:\\Program Files\\WindowsPowerShell\\Modules;C:\\Windows\\system32\\WindowsPowerShell\\v1.0\\Modules'
    'PUBLIC' => 'C:\\Users\\Public'
    'SESSIONNAME' => 'Console'
    'SystemDrive' => 'C:'
    'SystemRoot' => 'C:\\Windows'
    'TEMP' => 'C:\\Users\\ADMINI~1\\AppData\\Local\\Temp'
    'TMP' => 'C:\\Users\\ADMINI~1\\AppData\\Local\\Temp'
    'USERDOMAIN' => 'TH-WCS'
    'USERDOMAIN_ROAMINGPROFILE' => 'TH-WCS'
    'USERNAME' => 'Administrator'
    'USERPROFILE' => 'C:\\Users\\Administrator'
    'windir' => 'C:\\Windows'
    'HTTP_COOKIE' => '_identity-backend=7990da753a6b2635c13efa7f2f2f6981ded226b8aade32ee86f3560fcda89285a%3A2%3A%7Bi%3A0%3Bs%3A17%3A%22_identity-backend%22%3Bi%3A1%3Bs%3A47%3A%22%5B11%2C%22ddkNMK6gRRPa82aYfvTfzmQ0xYHyZT-i%22%2C2592000%5D%22%3B%7D; advanced-backend=ssqjol6slvd4qs3i63jfknhvvl; _csrf-backend=73d170a10718ad947505cbecd37fa68c79175ffa35c7704dd4bb217f46419fb5a%3A2%3A%7Bi%3A0%3Bs%3A13%3A%22_csrf-backend%22%3Bi%3A1%3Bs%3A32%3A%22KbX3DdpcRXGRs54Q0dvqsA9CGG_IBrc1%22%3B%7D'
    'HTTP_ACCEPT_LANGUAGE' => 'zh-CN,zh;q=0.9'
    'HTTP_ACCEPT_ENCODING' => 'gzip, deflate'
    'HTTP_ACCEPT' => 'text/html,application/xhtml+xml,application/xml;q=0.9,image/avif,image/webp,image/apng,*/*;q=0.8,application/signed-exchange;v=b3;q=0.9'
    'HTTP_USER_AGENT' => 'Mozilla/5.0 (Windows NT 10.0; Win64; x64) AppleWebKit/537.36 (KHTML, like Gecko) Chrome/95.0.4638.54 Safari/537.36'
    'HTTP_UPGRADE_INSECURE_REQUESTS' => '1'
    'HTTP_CACHE_CONTROL' => 'max-age=0'
    'HTTP_CONNECTION' => 'keep-alive'
    'HTTP_HOST' => 'www.ai.com'
    'REDIRECT_STATUS' => '200'
    'SERVER_NAME' => 'www.ai.com'
    'SERVER_PORT' => '80'
    'SERVER_ADDR' => '127.0.0.1'
    'REMOTE_PORT' => '55398'
    'REMOTE_ADDR' => '127.0.0.1'
    'SERVER_SOFTWARE' => 'nginx/1.15.11'
    'GATEWAY_INTERFACE' => 'CGI/1.1'
    'REQUEST_SCHEME' => 'http'
    'SERVER_PROTOCOL' => 'HTTP/1.1'
    'DOCUMENT_ROOT' => 'F:/gongsi/diandi/frontend/web'
    'DOCUMENT_URI' => '/index.php'
    'REQUEST_URI' => '/index.php?r=api/doc'
    'SCRIPT_NAME' => '/index.php'
    'CONTENT_LENGTH' => ''
    'CONTENT_TYPE' => ''
    'REQUEST_METHOD' => 'GET'
    'QUERY_STRING' => 'r=api/doc'
    'PATH_TRANSLATED' => 'F:/gongsi/diandi/frontend/web'
    'PATH_INFO' => ''
    'SCRIPT_FILENAME' => 'F:/gongsi/diandi/frontend/web/index.php'
    'FCGI_ROLE' => 'RESPONDER'
    'PHP_SELF' => '/index.php'
    'REQUEST_TIME_FLOAT' => 1640392922.4792
    'REQUEST_TIME' => 1640392922
]
2021-12-26 09:01:17 [127.0.0.1][-][-][error][yii\base\InvalidArgumentException] yii\base\InvalidArgumentException: The file or directory to be published does not exist: F:\gongsi\diandi/frontend/web/resource/lib/swagger-ui/dist in F:\gongsi\diandi\vendor\yiisoft\yii2\web\AssetManager.php:467
Stack trace:
#0 F:\gongsi\diandi\vendor\yiisoft\yii2\web\AssetBundle.php(188): yii\web\AssetManager->publish('F:\\gongsi\\diand...', Array)
#1 F:\gongsi\diandi\vendor\yiisoft\yii2\web\AssetManager.php(288): yii\web\AssetBundle->publish(Object(yii\web\AssetManager))
#2 F:\gongsi\diandi\vendor\yiisoft\yii2\web\AssetManager.php(259): yii\web\AssetManager->loadBundle('yii2mod\\swagger...', Array, true)
#3 F:\gongsi\diandi\vendor\yiisoft\yii2\web\View.php(287): yii\web\AssetManager->getBundle('yii2mod\\swagger...')
#4 F:\gongsi\diandi\vendor\yiisoft\yii2\web\AssetBundle.php(132): yii\web\View->registerAssetBundle('yii2mod\\swagger...')
#5 F:\gongsi\diandi\vendor\yii2mod\yii2-swagger\views\index.php(8): yii\web\AssetBundle::register(Object(yii\web\View))
#6 F:\gongsi\diandi\vendor\yiisoft\yii2\base\View.php(348): require('F:\\gongsi\\diand...')
#7 F:\gongsi\diandi\vendor\yiisoft\yii2\base\View.php(257): yii\base\View->renderPhpFile('F:\\gongsi\\diand...', Array)
#8 F:\gongsi\diandi\vendor\yiisoft\yii2\base\View.php(156): yii\base\View->renderFile('F:\\gongsi\\diand...', Array, Object(frontend\controllers\api\DocController))
#9 F:\gongsi\diandi\vendor\yiisoft\yii2\base\Controller.php(410): yii\base\View->render('@vendor/yii2mod...', Array, Object(frontend\controllers\api\DocController))
#10 F:\gongsi\diandi\vendor\yii2mod\yii2-swagger\SwaggerUIRenderer.php(40): yii\base\Controller->render('@vendor/yii2mod...', Array)
#11 [internal function]: yii2mod\swagger\SwaggerUIRenderer->run()
#12 F:\gongsi\diandi\vendor\yiisoft\yii2\base\Action.php(94): call_user_func_array(Array, Array)
#13 F:\gongsi\diandi\vendor\yiisoft\yii2\base\Controller.php(181): yii\base\Action->runWithParams(Array)
#14 F:\gongsi\diandi\vendor\yiisoft\yii2\base\Module.php(534): yii\base\Controller->runAction('', Array)
#15 F:\gongsi\diandi\vendor\yiisoft\yii2\web\Application.php(104): yii\base\Module->runAction('api/doc', Array)
#16 F:\gongsi\diandi\vendor\yiisoft\yii2\base\Application.php(392): yii\web\Application->handleRequest(Object(yii\web\Request))
#17 F:\gongsi\diandi\frontend\web\index.php(23): yii\base\Application->run()
#18 {main}
2021-12-26 09:01:15 [127.0.0.1][-][-][info][application] $_GET = [
    'r' => 'api/doc'
]

$_POST = []

$_FILES = []

$_COOKIE = [
    '_identity-backend' => '7990da753a6b2635c13efa7f2f2f6981ded226b8aade32ee86f3560fcda89285a:2:{i:0;s:17:\"_identity-backend\";i:1;s:47:\"[11,\"ddkNMK6gRRPa82aYfvTfzmQ0xYHyZT-i\",2592000]\";}'
]

$_SERVER = [
    'ALLUSERSPROFILE' => 'C:\\ProgramData'
    'APPDATA' => 'C:\\Users\\Administrator\\AppData\\Roaming'
    'CommonProgramFiles' => 'C:\\Program Files\\Common Files'
    'CommonProgramFiles(x86)' => 'C:\\Program Files (x86)\\Common Files'
    'CommonProgramW6432' => 'C:\\Program Files\\Common Files'
    'COMPUTERNAME' => 'TH-WCS'
    'ComSpec' => 'C:\\Windows\\system32\\cmd.exe'
    'DriverData' => 'C:\\Windows\\System32\\Drivers\\DriverData'
    'FPS_BROWSER_APP_PROFILE_STRING' => 'Internet Explorer'
    'FPS_BROWSER_USER_PROFILE_STRING' => 'Default'
    'HOMEDRIVE' => 'C:'
    'HOMEPATH' => '\\Users\\Administrator'
    'LOCALAPPDATA' => 'C:\\Users\\Administrator\\AppData\\Local'
    'LOGONSERVER' => '\\\\TH-WCS'
    'NUMBER_OF_PROCESSORS' => '4'
    'OneDrive' => 'C:\\Users\\Administrator\\OneDrive'
    'OS' => 'Windows_NT'
    'Path' => 'C:\\Program Files (x86)\\Common Files\\Oracle\\Java\\javapath;C:\\Windows\\system32;C:\\Windows;C:\\Windows\\System32\\Wbem;C:\\Windows\\System32\\WindowsPowerShell\\v1.0\\;C:\\Windows\\System32\\OpenSSH\\;C:\\Program Files\\Git\\cmd;C:\\Program Files\\Microsoft VS Code\\bin;E:\\phpstudy_pro\\Extensions\\php\\php7.3.4nts;C:\\Program Files\\TortoiseSVN\\bin;C:\\Program Files\\nodejs\\;C:\\Program Files\\Java\\jre1.8.0_291\\bin;E:\\HBuilderX\\HBuilderX\\plugins\\launcher\\tools\\adbs;E:\\phpstudy_pro\\Extensions\\composer1.8.5;C:\\Users\\Administrator\\AppData\\Local\\Programs\\Python\\Python38\\Scripts;E:\\phpstudy_pro\\Extensions\\redis3.0.504;C:\\Users\\Administrator\\.cargo\\bin;C:\\Users\\Administrator\\AppData\\Local\\Microsoft\\WindowsApps;C:\\Users\\Administrator\\AppData\\Roaming\\npm'
    'PATHEXT' => '.COM;.EXE;.BAT;.CMD;.VBS;.VBE;.JS;.JSE;.WSF;.WSH;.MSC'
    'PROCESSOR_ARCHITECTURE' => 'AMD64'
    'PROCESSOR_IDENTIFIER' => 'Intel64 Family 6 Model 69 Stepping 1, GenuineIntel'
    'PROCESSOR_LEVEL' => '6'
    'PROCESSOR_REVISION' => '4501'
    'ProgramData' => 'C:\\ProgramData'
    'ProgramFiles' => 'C:\\Program Files'
    'ProgramFiles(x86)' => 'C:\\Program Files (x86)'
    'ProgramW6432' => 'C:\\Program Files'
    'PSModulePath' => 'C:\\Program Files\\WindowsPowerShell\\Modules;C:\\Windows\\system32\\WindowsPowerShell\\v1.0\\Modules'
    'PUBLIC' => 'C:\\Users\\Public'
    'SESSIONNAME' => 'Console'
    'SystemDrive' => 'C:'
    'SystemRoot' => 'C:\\Windows'
    'TEMP' => 'C:\\Users\\ADMINI~1\\AppData\\Local\\Temp'
    'TMP' => 'C:\\Users\\ADMINI~1\\AppData\\Local\\Temp'
    'USERDOMAIN' => 'TH-WCS'
    'USERDOMAIN_ROAMINGPROFILE' => 'TH-WCS'
    'USERNAME' => 'Administrator'
    'USERPROFILE' => 'C:\\Users\\Administrator'
    'windir' => 'C:\\Windows'
    'HTTP_COOKIE' => '_identity-backend=7990da753a6b2635c13efa7f2f2f6981ded226b8aade32ee86f3560fcda89285a%3A2%3A%7Bi%3A0%3Bs%3A17%3A%22_identity-backend%22%3Bi%3A1%3Bs%3A47%3A%22%5B11%2C%22ddkNMK6gRRPa82aYfvTfzmQ0xYHyZT-i%22%2C2592000%5D%22%3B%7D'
    'HTTP_ACCEPT_LANGUAGE' => 'zh-CN,zh;q=0.9'
    'HTTP_ACCEPT_ENCODING' => 'gzip, deflate'
    'HTTP_ACCEPT' => 'text/html,application/xhtml+xml,application/xml;q=0.9,image/avif,image/webp,image/apng,*/*;q=0.8,application/signed-exchange;v=b3;q=0.9'
    'HTTP_USER_AGENT' => 'Mozilla/5.0 (Windows NT 10.0; Win64; x64) AppleWebKit/537.36 (KHTML, like Gecko) Chrome/95.0.4638.54 Safari/537.36'
    'HTTP_UPGRADE_INSECURE_REQUESTS' => '1'
    'HTTP_CACHE_CONTROL' => 'max-age=0'
    'HTTP_CONNECTION' => 'keep-alive'
    'HTTP_HOST' => 'www.ai.com'
    'REDIRECT_STATUS' => '200'
    'SERVER_NAME' => 'www.ai.com'
    'SERVER_PORT' => '80'
    'SERVER_ADDR' => '127.0.0.1'
    'REMOTE_PORT' => '53769'
    'REMOTE_ADDR' => '127.0.0.1'
    'SERVER_SOFTWARE' => 'nginx/1.15.11'
    'GATEWAY_INTERFACE' => 'CGI/1.1'
    'REQUEST_SCHEME' => 'http'
    'SERVER_PROTOCOL' => 'HTTP/1.1'
    'DOCUMENT_ROOT' => 'F:/gongsi/diandi/frontend/web'
    'DOCUMENT_URI' => '/index.php'
    'REQUEST_URI' => '/index.php?r=api/doc'
    'SCRIPT_NAME' => '/index.php'
    'CONTENT_LENGTH' => ''
    'CONTENT_TYPE' => ''
    'REQUEST_METHOD' => 'GET'
    'QUERY_STRING' => 'r=api/doc'
    'PATH_TRANSLATED' => 'F:/gongsi/diandi/frontend/web'
    'PATH_INFO' => ''
    'SCRIPT_FILENAME' => 'F:/gongsi/diandi/frontend/web/index.php'
    'FCGI_ROLE' => 'RESPONDER'
    'PHP_SELF' => '/index.php'
    'REQUEST_TIME_FLOAT' => 1640480475.5852
    'REQUEST_TIME' => 1640480475
]
